app/build/intermediates/manifest_merge_blame_file/debug/manifest-merger-blame-debug-report.txt
1<?xml version="1.0" encoding="utf-8"?>
2<manifest xmlns:android="http://schemas.android.com/apk/res/android"
3    package="com.example.gogarage1"
4    android:versionCode="1"
5    android:versionName="1.0" >
6
7    <uses-sdk
8        android:minSdkVersion="21"
8-->src\main\AndroidManifest.xml
9        android:targetSdkVersion="32" />
9-->src\main\AndroidManifest.xml
10
11    <!-- Include required permissions for Google Maps API to run. -->
12    <uses-permission android:name="android.permission.ACCESS_NETWORK_STATE" />
12-->[com.google.android.gms:play-services-maps:18.1.0] AndroidManifest.xml:23:5-79
12-->[com.google.android.gms:play-services-maps:18.1.0] AndroidManifest.xml:23:22-76
13    <uses-permission android:name="android.permission.INTERNET" />
13-->[com.google.android.gms:play-services-maps:18.1.0] AndroidManifest.xml:24:5-67
13-->[com.google.android.gms:play-services-maps:18.1.0] AndroidManifest.xml:24:22-64
14
15    <uses-feature
15-->[com.google.android.gms:play-services-maps:18.1.0] AndroidManifest.xml:26:5-28:35
16        android:glEsVersion="0x00020000"
16-->[com.google.android.gms:play-services-maps:18.1.0] AndroidManifest.xml:27:9-41
17        android:required="true" />
17-->[com.google.android.gms:play-services-maps:18.1.0] AndroidManifest.xml:28:9-32
18
19    <queries>
19-->[com.google.android.gms:play-services-maps:18.1.0] AndroidManifest.xml:30:5-34:15
20
21        <!-- Needs to be explicitly declared on Android R+ -->
22        <package android:name="com.google.android.apps.maps" />
22-->[com.google.android.gms:play-services-maps:18.1.0] AndroidManifest.xml:33:9-64
22-->[com.google.android.gms:play-services-maps:18.1.0] AndroidManifest.xml:33:18-61
23    </queries>
24
25    <permission
25-->[androidx.core:core:1.9.0] AndroidManifest.xml:22:5-24:47
26        android:name="com.example.gogarage1.DYNAMIC_RECEIVER_NOT_EXPORTED_PERMISSION"
26-->[androidx.core:core:1.9.0] AndroidManifest.xml:23:9-81
27        android:protectionLevel="signature" />
27-->[androidx.core:core:1.9.0] AndroidManifest.xml:24:9-44
28
29    <uses-permission android:name="com.example.gogarage1.DYNAMIC_RECEIVER_NOT_EXPORTED_PERMISSION" />
29-->[androidx.core:core:1.9.0] AndroidManifest.xml:26:5-97
29-->[androidx.core:core:1.9.0] AndroidManifest.xml:26:22-94
30
31    <application
31-->src\main\AndroidManifest.xml:5:5-95:19
32        android:allowBackup="true"
32-->src\main\AndroidManifest.xml:6:9-35
33        android:appComponentFactory="androidx.core.app.CoreComponentFactory"
33-->[androidx.core:core:1.9.0] AndroidManifest.xml:28:18-86
34        android:dataExtractionRules="@xml/data_extraction_rules"
34-->src\main\AndroidManifest.xml:7:9-65
35        android:debuggable="true"
36        android:fullBackupContent="@xml/backup_rules"
36-->src\main\AndroidManifest.xml:8:9-54
37        android:icon="@drawable/gogaragelogo"
37-->src\main\AndroidManifest.xml:9:9-46
38        android:label="@string/app_name"
38-->src\main\AndroidManifest.xml:10:9-41
39        android:roundIcon="@drawable/gogaragelogo"
39-->src\main\AndroidManifest.xml:11:9-51
40        android:supportsRtl="true"
40-->src\main\AndroidManifest.xml:12:9-35
41        android:testOnly="true"
42        android:theme="@style/Theme.GoGarage1" >
42-->src\main\AndroidManifest.xml:13:9-47
43        <activity
43-->src\main\AndroidManifest.xml:15:9-22:20
44            android:name="com.example.gogarage1.bottomnavigation"
44-->src\main\AndroidManifest.xml:16:13-45
45            android:exported="false"
45-->src\main\AndroidManifest.xml:17:13-37
46            android:label="@string/title_activity_bottomnavigation" >
46-->src\main\AndroidManifest.xml:18:13-68
47            <meta-data
47-->src\main\AndroidManifest.xml:19:13-21:36
48                android:name="android.app.lib_name"
48-->src\main\AndroidManifest.xml:20:17-52
49                android:value="" />
49-->src\main\AndroidManifest.xml:21:17-33
50        </activity>
51        <activity
51-->src\main\AndroidManifest.xml:23:9-29:20
52            android:name="com.example.gogarage1.verify"
52-->src\main\AndroidManifest.xml:24:13-35
53            android:exported="false" >
53-->src\main\AndroidManifest.xml:25:13-37
54            <meta-data
54-->src\main\AndroidManifest.xml:19:13-21:36
55                android:name="android.app.lib_name"
55-->src\main\AndroidManifest.xml:20:17-52
56                android:value="" />
56-->src\main\AndroidManifest.xml:21:17-33
57        </activity>
58        <activity
58-->src\main\AndroidManifest.xml:30:9-36:20
59            android:name="com.example.gogarage1.otpverification"
59-->src\main\AndroidManifest.xml:31:13-44
60            android:exported="false" >
60-->src\main\AndroidManifest.xml:32:13-37
61            <meta-data
61-->src\main\AndroidManifest.xml:19:13-21:36
62                android:name="android.app.lib_name"
62-->src\main\AndroidManifest.xml:20:17-52
63                android:value="" />
63-->src\main\AndroidManifest.xml:21:17-33
64        </activity>
65        <activity
65-->src\main\AndroidManifest.xml:37:9-43:20
66            android:name="com.example.gogarage1.recycleview"
66-->src\main\AndroidManifest.xml:38:13-40
67            android:exported="false" >
67-->src\main\AndroidManifest.xml:39:13-37
68            <meta-data
68-->src\main\AndroidManifest.xml:19:13-21:36
69                android:name="android.app.lib_name"
69-->src\main\AndroidManifest.xml:20:17-52
70                android:value="" />
70-->src\main\AndroidManifest.xml:21:17-33
71        </activity>
72        <!--
73             TODO: Before you run your application, you need a Google Maps API key.
74
75             To get one, follow the directions here:
76
77                https://developers.google.com/maps/documentation/android-sdk/get-api-key
78
79             Once you have your API key (it starts with "AIza"), define a new property in your
80             project's local.properties file (e.g. MAPS_API_KEY=Aiza...), and replace the
81             "YOUR_API_KEY" string in this file with "${MAPS_API_KEY}".
82        -->
83        <meta-data
83-->src\main\AndroidManifest.xml:55:9-57:44
84            android:name="com.google.android.geo.API_KEY"
84-->src\main\AndroidManifest.xml:56:13-58
85            android:value="YOUR_API_KEY" />
85-->src\main\AndroidManifest.xml:57:13-41
86
87        <activity
87-->src\main\AndroidManifest.xml:59:9-66:20
88            android:name="com.example.gogarage1.SignIn_activity"
88-->src\main\AndroidManifest.xml:60:13-44
89            android:exported="true"
89-->src\main\AndroidManifest.xml:61:13-36
90            android:parentActivityName="com.example.gogarage1.MainActivity" >
90-->src\main\AndroidManifest.xml:62:13-55
91            <meta-data
91-->src\main\AndroidManifest.xml:19:13-21:36
92                android:name="android.app.lib_name"
92-->src\main\AndroidManifest.xml:20:17-52
93                android:value="" />
93-->src\main\AndroidManifest.xml:21:17-33
94        </activity>
95        <activity
95-->src\main\AndroidManifest.xml:67:9-74:20
96            android:name="com.example.gogarage1.signUp_activity"
96-->src\main\AndroidManifest.xml:68:13-44
97            android:exported="false"
97-->src\main\AndroidManifest.xml:69:13-37
98            android:parentActivityName="com.example.gogarage1.MainActivity" >
98-->src\main\AndroidManifest.xml:70:13-55
99            <meta-data
99-->src\main\AndroidManifest.xml:19:13-21:36
100                android:name="android.app.lib_name"
100-->src\main\AndroidManifest.xml:20:17-52
101                android:value="" />
101-->src\main\AndroidManifest.xml:21:17-33
102        </activity>
103        <activity
103-->src\main\AndroidManifest.xml:75:9-87:20
104            android:name="com.example.gogarage1.logo_splash"
104-->src\main\AndroidManifest.xml:76:13-40
105            android:exported="true" >
105-->src\main\AndroidManifest.xml:77:13-36
106            <intent-filter>
106-->src\main\AndroidManifest.xml:78:13-82:29
107                <action android:name="android.intent.action.MAIN" />
107-->src\main\AndroidManifest.xml:79:17-69
107-->src\main\AndroidManifest.xml:79:25-66
108
109                <category android:name="android.intent.category.LAUNCHER" />
109-->src\main\AndroidManifest.xml:81:17-77
109-->src\main\AndroidManifest.xml:81:27-74
110            </intent-filter>
111
112            <meta-data
112-->src\main\AndroidManifest.xml:19:13-21:36
113                android:name="android.app.lib_name"
113-->src\main\AndroidManifest.xml:20:17-52
114                android:value="" />
114-->src\main\AndroidManifest.xml:21:17-33
115        </activity>
116        <activity
116-->src\main\AndroidManifest.xml:88:9-94:20
117            android:name="com.example.gogarage1.MainActivity"
117-->src\main\AndroidManifest.xml:89:13-41
118            android:exported="true" >
118-->src\main\AndroidManifest.xml:90:13-36
119            <meta-data
119-->src\main\AndroidManifest.xml:19:13-21:36
120                android:name="android.app.lib_name"
120-->src\main\AndroidManifest.xml:20:17-52
121                android:value="" />
121-->src\main\AndroidManifest.xml:21:17-33
122        </activity>
123        <!-- Needs to be explicitly declared on P+ -->
124        <uses-library
124-->[com.google.android.gms:play-services-maps:18.1.0] AndroidManifest.xml:39:9-41:40
125            android:name="org.apache.http.legacy"
125-->[com.google.android.gms:play-services-maps:18.1.0] AndroidManifest.xml:40:13-50
126            android:required="false" />
126-->[com.google.android.gms:play-services-maps:18.1.0] AndroidManifest.xml:41:13-37
127
128        <activity
128-->[com.google.android.gms:play-services-base:18.0.1] AndroidManifest.xml:20:9-22:45
129            android:name="com.google.android.gms.common.api.GoogleApiActivity"
129-->[com.google.android.gms:play-services-base:18.0.1] AndroidManifest.xml:20:19-85
130            android:exported="false"
130-->[com.google.android.gms:play-services-base:18.0.1] AndroidManifest.xml:22:19-43
131            android:theme="@android:style/Theme.Translucent.NoTitleBar" />
131-->[com.google.android.gms:play-services-base:18.0.1] AndroidManifest.xml:21:19-78
132
133        <meta-data
133-->[com.google.android.gms:play-services-basement:18.0.0] AndroidManifest.xml:21:9-23:69
134            android:name="com.google.android.gms.version"
134-->[com.google.android.gms:play-services-basement:18.0.0] AndroidManifest.xml:22:13-58
135            android:value="@integer/google_play_services_version" />
135-->[com.google.android.gms:play-services-basement:18.0.0] AndroidManifest.xml:23:13-66
136
137        <provider
137-->[androidx.emoji2:emoji2:1.2.0] AndroidManifest.xml:24:9-32:20
138            android:name="androidx.startup.InitializationProvider"
138-->[androidx.emoji2:emoji2:1.2.0] AndroidManifest.xml:25:13-67
139            android:authorities="com.example.gogarage1.androidx-startup"
139-->[androidx.emoji2:emoji2:1.2.0] AndroidManifest.xml:26:13-68
140            android:exported="false" >
140-->[androidx.emoji2:emoji2:1.2.0] AndroidManifest.xml:27:13-37
141            <meta-data
141-->[androidx.emoji2:emoji2:1.2.0] AndroidManifest.xml:29:13-31:52
142                android:name="androidx.emoji2.text.EmojiCompatInitializer"
142-->[androidx.emoji2:emoji2:1.2.0] AndroidManifest.xml:30:17-75
143                android:value="androidx.startup" />
143-->[androidx.emoji2:emoji2:1.2.0] AndroidManifest.xml:31:17-49
144            <meta-data
144-->[androidx.lifecycle:lifecycle-process:2.4.1] AndroidManifest.xml:31:13-33:52
145                android:name="androidx.lifecycle.ProcessLifecycleInitializer"
145-->[androidx.lifecycle:lifecycle-process:2.4.1] AndroidManifest.xml:32:17-78
146                android:value="androidx.startup" />
146-->[androidx.lifecycle:lifecycle-process:2.4.1] AndroidManifest.xml:33:17-49
147        </provider>
148
149        <uses-library
149-->[androidx.window:window:1.0.0] AndroidManifest.xml:25:9-27:40
150            android:name="androidx.window.extensions"
150-->[androidx.window:window:1.0.0] AndroidManifest.xml:26:13-54
151            android:required="false" />
151-->[androidx.window:window:1.0.0] AndroidManifest.xml:27:13-37
152        <uses-library
152-->[androidx.window:window:1.0.0] AndroidManifest.xml:28:9-30:40
153            android:name="androidx.window.sidecar"
153-->[androidx.window:window:1.0.0] AndroidManifest.xml:29:13-51
154            android:required="false" />
154-->[androidx.window:window:1.0.0] AndroidManifest.xml:30:13-37
155    </application>
156
157</manifest>